-- listing properties --
java.runtime.name=OpenJDK Runtime Environment
sun.boot.library.path=/usr/lib/jvm/java-7-openjdk-amd64/jre...
java.vm.version=24.65-b04
java.vm.vendor=Oracle Corporation
java.vendor.url=http://java.oracle.com/
path.separator=:
java.vm.name=OpenJDK 64-Bit Server VM
file.encoding.pkg=sun.io
user.country=KR
sun.java.launcher=SUN_STANDARD
sun.os.patch.level=unknown
java.vm.specification.name=Java Virtual Machine Specification
user.dir=/home/spetum/java_network/network_pro...
java.runtime.version=1.7.0_65-b32
java.awt.graphicsenv=sun.awt.X11GraphicsEnvironment
java.endorsed.dirs=/usr/lib/jvm/java-7-openjdk-amd64/jre...
os.arch=amd64
java.io.tmpdir=/tmp
line.separator=

java.vm.specification.vendor=Oracle Corporation
os.name=Linux
sun.jnu.encoding=UTF-8
java.library.path=/usr/java/packages/lib/amd64:/usr/lib...
java.specification.name=Java Platform API Specification
java.class.version=51.0
sun.management.compiler=HotSpot 64-Bit Tiered Compilers
os.version=3.13.0-34-generic
user.home=/home/spetum
user.timezone=
java.awt.printerjob=sun.print.PSPrinterJob
file.encoding=UTF-8
java.specification.version=1.7
user.name=spetum
java.class.path=.
java.vm.specification.version=1.7
sun.arch.data.model=64
java.home=/usr/lib/jvm/java-7-openjdk-amd64/jre
sun.java.command=ListProperties
java.specification.vendor=Oracle Corporation
user.language=ko
awt.toolkit=sun.awt.X11.XToolkit
java.vm.info=mixed mode
java.version=1.7.0_65
java.ext.dirs=/usr/lib/jvm/java-7-openjdk-amd64/jre...
sun.boot.class.path=/usr/lib/jvm/java-7-openjdk-amd64/jre...
java.vendor=Oracle Corporation
file.separator=/
java.vendor.url.bug=http://bugreport.sun.com/bugreport/
sun.cpu.endian=little
sun.io.unicode.encoding=UnicodeLittle
sun.desktop=gnome
sun.cpu.isalist=
-----------
File Separator : /
File Separator : :
