Text Encoding
(1)  49 : 0011 0001 , (2)  50 : 0011 0010 , (3)  51 : 0011 0011 , (4)  52 : 0011 0100 
(5)  53 : 0011 0101 , (6)  54 : 0011 0110 , (7)  55 : 0011 0111 , (8)  56 : 0011 1000 
(9)  57 : 0011 1001 , (0)  48 : 0011 0000 , (9)  57 : 0011 1001 , (8)  56 : 0011 1000 
(7)  55 : 0011 0111 , (6)  54 : 0011 0110 , (5)  53 : 0011 0101 , (4)  52 : 0011 0100 
( )  32 : 0010 0000 , (5)  53 : 0011 0101 , (m) 109 : 0110 1101 , (m) 109 : 0110 1101 
( )  32 : 0010 0000 , (S)  83 : 0101 0011 , (u) 117 : 0111 0101 , (p) 112 : 0111 0000 
(e) 101 : 0110 0101 , (r) 114 : 0111 0010 , ( )  32 : 0010 0000 , (W)  87 : 0101 0111 
(i) 105 : 0110 1001 , (d) 100 : 0110 0100 , (g) 103 : 0110 0111 , (e) 101 : 0110 0101 
(t) 116 : 0111 0100 , (s) 115 : 0111 0011 , (\n) 10 : 0000 1010 , (1)  49 : 0011 0001 
(0)  48 : 0011 0000 , (0)  48 : 0011 0000 , (0)  48 : 0011 0000 , ( )  32 : 0010 0000 
(1)  49 : 0011 0001 , (2)  50 : 0011 0010 , (9)  57 : 0011 1001 , (9)  57 : 0011 1001 
(9)  57 : 0011 1001 , ( )  32 : 0010 0000 , (d) 100 : 0110 0100 , (\n) 10 : 0000 1010 
Binary Encoding
Item Number : 1234567890987654
: 0000 0000 / 0000 0100 / 0110 0010 / 1101 0101 / 0011 1100 / 1001 0111 / 1110 1010 / 1000 0110 
Item Quantity : 1000
: 0000 0000 / 0000 0000 / 0000 0011 / 1110 1000 
Item Unit Price : 12999
: 0000 0000 / 0000 0000 / 0011 0010 / 1100 0111 
Discounted and In Stock : -128
1000 0000 
Length of Item Description : 17
0001 0001 
Encoded Description : 5mm Super Widgets
0011 0101 / 0110 1101 / 0110 1101 / 0010 0000 /
0101 0011 / 0111 0101 / 0111 0000 / 0110 0101 /
0111 0010 / 0010 0000 / 0101 0111 / 0110 1001 /
0110 0100 / 0110 0111 / 0110 0101 / 0111 0100 /
0111 0011 / 
